#
# There is insufficient memory for the Java Runtime Environment to continue.
# Native memory allocation (mmap) failed to map 266338304 bytes for Failed to commit area from 0x0000000703600000 to 0x0000000713400000 of length 266338304.
# Possible reasons:
#   The system is out of physical RAM or swap space
#   The process is running with CompressedOops enabled, and the Java Heap may be blocking the growth of the native heap
# Possible solutions:
#   Reduce memory load on the system
#   Increase physical memory or swap space
#   Check if swap backing store is full
#   Decrease Java heap size (-Xmx/-Xms)
#   Decrease number of Java threads
#   Decrease Java thread stack sizes (-Xss)
#   Set larger code cache with -XX:ReservedCodeCacheSize=
# This output file may be truncated or incomplete.
#
#  Out of Memory Error (./src/hotspot/os/windows/os_windows.cpp:3521), pid=24924, tid=21848
#
# JRE version:  (11.0.12+7) (build )
# Java VM: OpenJDK 64-Bit Server VM (11.0.12+7-b1504.28-7817840, mixed mode, sharing, tiered, compressed oops, g1 gc, windows-amd64)
# No core dump will be written. Minidumps are not enabled by default on client versions of Windows
#

---------------  S U M M A R Y ------------

Command Line: org.jetbrains.kotlin.cli.jvm.K2JVMCompiler @C:\Users\kenzi\AndroidStudioProjects\NavApp\app\build\20220912_10544384848220358435.compiler.options

Host: Intel(R) Core(TM) i7-1065G7 CPU @ 1.30GHz, 8 cores, 15G,  Windows 10 , 64 bit Build 19041 (10.0.19041.1889)
Time: Mon Sep 12 13:44:01 2022 Egypt Standard Time elapsed time: 0.010513 seconds (0d 0h 0m 0s)

---------------  T H R E A D  ---------------

Current thread (0x000002a24890b000):  JavaThread "Unknown thread" [_thread_in_vm, id=21848, stack(0x000000d95af00000,0x000000d95b000000)]

Stack: [0x000000d95af00000,0x000000d95b000000]
Native frames: (J=compiled Java code, j=interpreted, Vv=VM code, C=native code)
V  [jvm.dll+0x5fbcea]
V  [jvm.dll+0x731905]
V  [jvm.dll+0x732f1d]
V  [jvm.dll+0x7335d3]
V  [jvm.dll+0x247bf8]
V  [jvm.dll+0x5f90b4]
V  [jvm.dll+0x5edc85]
V  [jvm.dll+0x305aeb]
V  [jvm.dll+0x305a5a]
V  [jvm.dll+0x305932]
V  [jvm.dll+0x30a896]
V  [jvm.dll+0x353803]
V  [jvm.dll+0x353f06]
V  [jvm.dll+0x353903]
V  [jvm.dll+0x2e0678]
V  [jvm.dll+0x2e1827]
V  [jvm.dll+0x710037]
V  [jvm.dll+0x71182c]
V  [jvm.dll+0x360da9]
V  [jvm.dll+0x6f390e]
V  [jvm.dll+0x3c9723]
V  [jvm.dll+0x3cb9b1]
C  [jli.dll+0x536b]
C  [ucrtbase.dll+0x21bb2]
C  [KERNEL32.DLL+0x17034]
C  [ntdll.dll+0x52651]


---------------  P R O C E S S  ---------------

Threads class SMR info:
_java_thread_list=0x000002a246eb1420, length=0, elements={
}

Java Threads: ( => current thread )

Other Threads:
  0x000002a248921800 GCTaskThread "GC Thread#0" [stack: 0x000000d95b000000,0x000000d95b100000] [id=10280]
  0x000002a24897f000 ConcurrentGCThread "G1 Main Marker" [stack: 0x000000d95b100000,0x000000d95b200000] [id=27224]
  0x000002a248980800 ConcurrentGCThread "G1 Conc#0" [stack: 0x000000d95b200000,0x000000d95b300000] [id=26100]

[error occurred during error reporting (printing all threads), id 0xc0000005, EXCEPTION_ACCESS_VIOLATION (0xc0000005) at pc=0x00007fff09cd0be7]

VM state:not at safepoint (not fully initialized)

VM Mutex/Monitor currently owned by a thread:  ([mutex/lock_event])
[0x000002a248906bd0] Heap_lock - owner thread: 0x000002a24890b000

Heap address: 0x0000000703600000, size: 4042 MB, Compressed Oops mode: Non-zero based: 0x0000000703600000
Narrow klass base: 0x0000000000000000, Narrow klass shift: 0

GC Heap History (0 events):
No events

Deoptimization events (0 events):
No events

Classes redefined (0 events):
No events

Internal exceptions (0 events):
No events

Events (1 events):
Event: 0.006 Loaded shared library C:\Program Files\Android\Android Studio\jre\bin\zip.dll


Dynamic libraries:
0x00007ff749980000 - 0x00007ff74998a000 	C:\Program Files\Android\Android Studio\jre\bin\java.exe
0x00007fff73850000 - 0x00007fff73a48000 	C:\windows\SYSTEM32\ntdll.dll
0x00007fff71a00000 - 0x00007fff71abd000 	C:\windows\System32\KERNEL32.DLL
0x00007fff710e0000 - 0x00007fff713ae000 	C:\windows\System32\KERNELBASE.dll
0x00007fff71780000 - 0x00007fff71880000 	C:\windows\System32\ucrtbase.dll
0x00007fff4dbd0000 - 0x00007fff4dbe7000 	C:\Program Files\Android\Android Studio\jre\bin\VCRUNTIME140.dll
0x00007fff4d310000 - 0x00007fff4d329000 	C:\Program Files\Android\Android Studio\jre\bin\jli.dll
0x00007fff71ac0000 - 0x00007fff71c60000 	C:\windows\System32\USER32.dll
0x00007fff71880000 - 0x00007fff718a2000 	C:\windows\System32\win32u.dll
0x00007fff534c0000 - 0x00007fff5375a000 	C:\windows\WinSxS\amd64_microsoft.windows.common-controls_6595b64144ccf1df_6.0.19041.1110_none_60b5254171f9507e\COMCTL32.dll
0x00007fff732c0000 - 0x00007fff732ea000 	C:\windows\System32\GDI32.dll
0x00007fff71510000 - 0x00007fff7161b000 	C:\windows\System32\gdi32full.dll
0x00007fff71960000 - 0x00007fff719fe000 	C:\windows\System32\msvcrt.dll
0x00007fff71690000 - 0x00007fff7172d000 	C:\windows\System32\msvcp_win.dll
0x00007fff72e20000 - 0x00007fff72e50000 	C:\windows\System32\IMM32.DLL
0x00007fff32850000 - 0x00007fff328ed000 	C:\Program Files\Android\Android Studio\jre\bin\msvcp140.dll
0x00007fff099e0000 - 0x00007fff0a4c5000 	C:\Program Files\Android\Android Studio\jre\bin\server\jvm.dll
0x00007fff71d10000 - 0x00007fff71dbe000 	C:\windows\System32\ADVAPI32.dll
0x00007fff725b0000 - 0x00007fff7264c000 	C:\windows\System32\sechost.dll
0x00007fff736e0000 - 0x00007fff73805000 	C:\windows\System32\RPCRT4.dll
0x00007fff71ef0000 - 0x00007fff71ef8000 	C:\windows\System32\PSAPI.DLL
0x00007fff67420000 - 0x00007fff6742a000 	C:\windows\SYSTEM32\VERSION.dll
0x00007fff4aec0000 - 0x00007fff4aec9000 	C:\windows\SYSTEM32\WSOCK32.dll
0x00007fff54f20000 - 0x00007fff54f47000 	C:\windows\SYSTEM32\WINMM.dll
0x00007fff72540000 - 0x00007fff725ab000 	C:\windows\System32\WS2_32.dll
0x00007fff6f830000 - 0x00007fff6f842000 	C:\windows\SYSTEM32\kernel.appcore.dll
0x00007fff6c760000 - 0x00007fff6c771000 	C:\Program Files\Android\Android Studio\jre\bin\verify.dll
0x00007fff6ed70000 - 0x00007fff6ef54000 	C:\windows\SYSTEM32\DBGHELP.DLL
0x00007fff540f0000 - 0x00007fff5411c000 	C:\windows\SYSTEM32\dbgcore.DLL
0x00007fff70f70000 - 0x00007fff70ff2000 	C:\windows\System32\bcryptPrimitives.dll
0x00007fff6c730000 - 0x00007fff6c759000 	C:\Program Files\Android\Android Studio\jre\bin\java.dll
0x00007fff6c720000 - 0x00007fff6c72b000 	C:\Program Files\Android\Android Studio\jre\bin\jimage.dll
0x00007fff6c6a0000 - 0x00007fff6c6b8000 	C:\Program Files\Android\Android Studio\jre\bin\zip.dll

dbghelp: loaded successfully - version: 4.0.5 - missing functions: none
symbol engine: initialized successfully - sym options: 0x614 - pdb path: .;C:\Program Files\Android\Android Studio\jre\bin;C:\windows\SYSTEM32;C:\windows\WinSxS\amd64_microsoft.windows.common-controls_6595b64144ccf1df_6.0.19041.1110_none_60b5254171f9507e;C:\Program Files\Android\Android Studio\jre\bin\server

VM Arguments:
java_command: org.jetbrains.kotlin.cli.jvm.K2JVMCompiler @C:\Users\kenzi\AndroidStudioProjects\NavApp\app\build\20220912_10544384848220358435.compiler.options
java_class_path (initial): C:\Users\kenzi\.gradle\caches\modules-2\files-2.1\org.jetbrains.kotlin\kotlin-compiler-embeddable\1.7.10\909803167c98606fcf22b4c848647c68e351d48d\kotlin-compiler-embeddable-1.7.10.jar;C:\Users\kenzi\.gradle\caches\modules-2\files-2.1\org.jetbrains.kotlin\kotlin-reflect\1.7.10\165e600dfea6185cf5efa700756294cc4904dbeb\kotlin-reflect-1.7.10.jar;C:\Users\kenzi\.gradle\caches\modules-2\files-2.1\org.jetbrains.kotlin\kotlin-stdlib\1.7.10\d2abf9e77736acc4450dc4a3f707fa2c10f5099d\kotlin-stdlib-1.7.10.jar;C:\Users\kenzi\.gradle\caches\modules-2\files-2.1\org.jetbrains.kotlin\kotlin-script-runtime\1.7.10\c99c87a6988d8fd8d5142e9ed5c9f34a7cf561ee\kotlin-script-runtime-1.7.10.jar;C:\Users\kenzi\.gradle\caches\modules-2\files-2.1\org.jetbrains.kotlin\kotlin-daemon-embeddable\1.7.10\3a9f7aef7080d3ae63126cbba4f827ed664f32fa\kotlin-daemon-embeddable-1.7.10.jar;C:\Users\kenzi\.gradle\caches\modules-2\files-2.1\org.jetbrains.intellij.deps\trove4j\1.0.20200330\3afb14d5f9ceb459d724e907a21145e8ff394f02\trove4j-1.0.20200330.jar;C:\Users\kenzi\.gradle\caches\modules-2\files-2.1\net.java.dev.jna\jna\5.6.0\330f2244e9030119ab3030fc3fededc86713d9cc\jna-5.6.0.jar;C:\Users\kenzi\.gradle\caches\modules-2\files-2.1\org.jetbrains.kotlin\kotlin-stdlib-common\1.7.10\bac80c520d0a9e3f3673bc2658c6ed02ef45a76a\kotlin-stdlib-common-1.7.10.jar;C:\Users\kenzi\.gradle\caches\modules-2\files-2.1\org.jetbrains\annotations\13.0\919f0dfe192fb4e063e7dacadee7f8bb9a2672a9\annotations-13.0.jar
Launcher Type: SUN_STANDARD

[Global flags]
     intx CICompilerCount                          = 4                                         {product} {ergonomic}
     uint ConcGCThreads                            = 2                                         {product} {ergonomic}
     uint G1ConcRefinementThreads                  = 8                                         {product} {ergonomic}
   size_t G1HeapRegionSize                         = 1048576                                   {product} {ergonomic}
    uintx GCDrainStackTargetSize                   = 64                                        {product} {ergonomic}
   size_t InitialHeapSize                          = 266338304                                 {product} {ergonomic}
   size_t MarkStackSize                            = 4194304                                   {product} {ergonomic}
   size_t MaxHeapSize                              = 4238344192                                {product} {ergonomic}
   size_t MinHeapDeltaBytes                        = 1048576                                   {product} {ergonomic}
    uintx NonNMethodCodeHeapSize                   = 5836300                                {pd product} {ergonomic}
    uintx NonProfiledCodeHeapSize                  = 122910970                              {pd product} {ergonomic}
    uintx ProfiledCodeHeapSize                     = 122910970                              {pd product} {ergonomic}
    uintx ReservedCodeCacheSize                    = 251658240                              {pd product} {ergonomic}
     bool SegmentedCodeCache                       = true                                      {product} {ergonomic}
     bool UseCompressedClassPointers               = true                                 {lp64_product} {ergonomic}
     bool UseCompressedOops                        = true                                 {lp64_product} {ergonomic}
     bool UseG1GC                                  = true                                      {product} {ergonomic}
     bool UseLargePagesIndividualAllocation        = false                                  {pd product} {ergonomic}

Logging:
Log output configuration:
 #0: stdout all=warning uptime,level,tags
 #1: stderr all=off uptime,level,tags

Environment Variables:
PATH=C:\Program Files\Common Files\Oracle\Java\javapath;C:\Program Files (x86)\Common Files\Oracle\Java\javapath;C:\windows\system32;C:\windows;C:\windows\System32\Wbem;C:\windows\System32\WindowsPowerShell\v1.0\;C:\windows\System32\OpenSSH\;C:\Program Files (x86)\NVIDIA Corporation\PhysX\Common;C:\Program Files\NVIDIA Corporation\NVIDIA NvDLISR;C:\Program Files\MATLAB\R2021b\bin;C:\Program Files\dotnet\;C:\Users\kenzi\AppData\Local\Microsoft\WindowsApps;\MinGW\bin;C:\Users\kenzi\AppData\Local\Programs\Microsoft VS Code\bin;C:\MinGW\bin;C:\Users\kenzi\.dotnet\tools
USERNAME=kenzi
OS=Windows_NT
PROCESSOR_IDENTIFIER=Intel64 Family 6 Model 126 Stepping 5, GenuineIntel



---------------  S Y S T E M  ---------------

OS: Windows 10 , 64 bit Build 19041 (10.0.19041.1889)
OS uptime: 4 days 21:25 hours

CPU:total 8 (initial active 8) (4 cores per cpu, 2 threads per core) family 6 model 126 stepping 5 microcode 0x78, cmov, cx8, fxsr, mmx, sse, sse2, sse3, ssse3, sse4.1, sse4.2, popcnt, avx, avx2, aes, clmul, erms, 3dnowpref, lzcnt, ht, tsc, tscinvbit, bmi1, bmi2, adx, evex, sha, fma

Memory: 4k page, system-wide physical 16165M (2441M free)
TotalPageFile size 20719M (AvailPageFile size 141M)
current process WorkingSet (physical memory assigned to process): 10M, peak: 10M
current process commit charge ("private bytes"): 60M, peak: 314M

vm_info: OpenJDK 64-Bit Server VM (11.0.12+7-b1504.28-7817840) for windows-amd64 JRE (11.0.12+7-b1504.28-7817840), built on Oct 13 2021 22:12:33 by "builder" with MS VC++ 14.0 (VS2015)

END.
